<?xml version="1.0" encoding="UTF-8"?>
<testsuite xmlns:xsi="http://www.w3.org/2001/XMLSchema-instance" xsi:noNamespaceSchemaLocation="https://maven.apache.org/surefire/maven-surefire-plugin/xsd/surefire-test-report.xsd" name="com.example.rbac.RbacApplicationTests" time="11.841" tests="1" errors="0" skipped="0" failures="0">
  <properties>
    <property name="sun.desktop" value="windows"/>
    <property name="awt.toolkit" value="sun.awt.windows.WToolkit"/>
    <property name="file.encoding.pkg" value="sun.io"/>
    <property name="java.specification.version" value="1.8"/>
    <property name="sun.cpu.isalist" value="amd64"/>
    <property name="sun.jnu.encoding" value="GBK"/>
    <property name="java.class.path" value="D:\USERPROG\JavaEE\folder\rbac\rbac-server\target\test-classes;D:\USERPROG\JavaEE\folder\rbac\rbac-server\target\classes;D:\JavaEEDev\apache-maven-3.5.2\repository\org\springframework\boot\spring-boot-starter-web\2.5.2\spring-boot-starter-web-2.5.2.jar;D:\JavaEEDev\apache-maven-3.5.2\repository\org\springframework\boot\spring-boot-starter\2.5.2\spring-boot-starter-2.5.2.jar;D:\JavaEEDev\apache-maven-3.5.2\repository\org\springframework\boot\spring-boot-starter-logging\2.5.2\spring-boot-starter-logging-2.5.2.jar;D:\JavaEEDev\apache-maven-3.5.2\repository\ch\qos\logback\logback-classic\1.2.3\logback-classic-1.2.3.jar;D:\JavaEEDev\apache-maven-3.5.2\repository\ch\qos\logback\logback-core\1.2.3\logback-core-1.2.3.jar;D:\JavaEEDev\apache-maven-3.5.2\repository\org\apache\logging\log4j\log4j-to-slf4j\2.14.1\log4j-to-slf4j-2.14.1.jar;D:\JavaEEDev\apache-maven-3.5.2\repository\org\apache\logging\log4j\log4j-api\2.14.1\log4j-api-2.14.1.jar;D:\JavaEEDev\apache-maven-3.5.2\repository\org\slf4j\jul-to-slf4j\1.7.31\jul-to-slf4j-1.7.31.jar;D:\JavaEEDev\apache-maven-3.5.2\repository\jakarta\annotation\jakarta.annotation-api\1.3.5\jakarta.annotation-api-1.3.5.jar;D:\JavaEEDev\apache-maven-3.5.2\repository\org\yaml\snakeyaml\1.28\snakeyaml-1.28.jar;D:\JavaEEDev\apache-maven-3.5.2\repository\org\springframework\boot\spring-boot-starter-json\2.5.2\spring-boot-starter-json-2.5.2.jar;D:\JavaEEDev\apache-maven-3.5.2\repository\com\fasterxml\jackson\datatype\jackson-datatype-jdk8\2.12.3\jackson-datatype-jdk8-2.12.3.jar;D:\JavaEEDev\apache-maven-3.5.2\repository\com\fasterxml\jackson\datatype\jackson-datatype-jsr310\2.12.3\jackson-datatype-jsr310-2.12.3.jar;D:\JavaEEDev\apache-maven-3.5.2\repository\com\fasterxml\jackson\module\jackson-module-parameter-names\2.12.3\jackson-module-parameter-names-2.12.3.jar;D:\JavaEEDev\apache-maven-3.5.2\repository\org\springframework\boot\spring-boot-starter-tomcat\2.5.2\spring-boot-starter-tomcat-2.5.2.jar;D:\JavaEEDev\apache-maven-3.5.2\repository\org\apache\tomcat\embed\tomcat-embed-core\9.0.48\tomcat-embed-core-9.0.48.jar;D:\JavaEEDev\apache-maven-3.5.2\repository\org\apache\tomcat\embed\tomcat-embed-el\9.0.48\tomcat-embed-el-9.0.48.jar;D:\JavaEEDev\apache-maven-3.5.2\repository\org\apache\tomcat\embed\tomcat-embed-websocket\9.0.48\tomcat-embed-websocket-9.0.48.jar;D:\JavaEEDev\apache-maven-3.5.2\repository\org\springframework\spring-web\5.3.8\spring-web-5.3.8.jar;D:\JavaEEDev\apache-maven-3.5.2\repository\org\springframework\spring-beans\5.3.8\spring-beans-5.3.8.jar;D:\JavaEEDev\apache-maven-3.5.2\repository\org\springframework\spring-webmvc\5.3.8\spring-webmvc-5.3.8.jar;D:\JavaEEDev\apache-maven-3.5.2\repository\org\springframework\spring-context\5.3.8\spring-context-5.3.8.jar;D:\JavaEEDev\apache-maven-3.5.2\repository\org\springframework\spring-expression\5.3.8\spring-expression-5.3.8.jar;D:\JavaEEDev\apache-maven-3.5.2\repository\org\projectlombok\lombok\1.18.20\lombok-1.18.20.jar;D:\JavaEEDev\apache-maven-3.5.2\repository\mysql\mysql-connector-java\5.1.47\mysql-connector-java-5.1.47.jar;D:\JavaEEDev\apache-maven-3.5.2\repository\com\alibaba\druid-spring-boot-starter\1.1.21\druid-spring-boot-starter-1.1.21.jar;D:\JavaEEDev\apache-maven-3.5.2\repository\com\alibaba\druid\1.1.21\druid-1.1.21.jar;D:\JavaEEDev\apache-maven-3.5.2\repository\org\slf4j\slf4j-api\1.7.31\slf4j-api-1.7.31.jar;D:\JavaEEDev\apache-maven-3.5.2\repository\org\springframework\boot\spring-boot-autoconfigure\2.5.2\spring-boot-autoconfigure-2.5.2.jar;D:\JavaEEDev\apache-maven-3.5.2\repository\com\baomidou\mybatis-plus-boot-starter\3.3.1.tmp\mybatis-plus-boot-starter-3.3.1.tmp.jar;D:\JavaEEDev\apache-maven-3.5.2\repository\com\baomidou\mybatis-plus\3.3.1.tmp\mybatis-plus-3.3.1.tmp.jar;D:\JavaEEDev\apache-maven-3.5.2\repository\org\springframework\boot\spring-boot-starter-jdbc\2.5.2\spring-boot-starter-jdbc-2.5.2.jar;D:\JavaEEDev\apache-maven-3.5.2\repository\com\zaxxer\HikariCP\4.0.3\HikariCP-4.0.3.jar;D:\JavaEEDev\apache-maven-3.5.2\repository\org\springframework\spring-jdbc\5.3.8\spring-jdbc-5.3.8.jar;D:\JavaEEDev\apache-maven-3.5.2\repository\com\baomidou\mybatis-plus-generator\3.3.1.tmp\mybatis-plus-generator-3.3.1.tmp.jar;D:\JavaEEDev\apache-maven-3.5.2\repository\com\baomidou\mybatis-plus-extension\3.3.1.tmp\mybatis-plus-extension-3.3.1.tmp.jar;D:\JavaEEDev\apache-maven-3.5.2\repository\com\baomidou\mybatis-plus-core\3.3.1.tmp\mybatis-plus-core-3.3.1.tmp.jar;D:\JavaEEDev\apache-maven-3.5.2\repository\com\baomidou\mybatis-plus-annotation\3.3.1.tmp\mybatis-plus-annotation-3.3.1.tmp.jar;D:\JavaEEDev\apache-maven-3.5.2\repository\com\github\jsqlparser\jsqlparser\3.1\jsqlparser-3.1.jar;D:\JavaEEDev\apache-maven-3.5.2\repository\org\mybatis\mybatis\3.5.3\mybatis-3.5.3.jar;D:\JavaEEDev\apache-maven-3.5.2\repository\org\mybatis\mybatis-spring\2.0.3\mybatis-spring-2.0.3.jar;D:\JavaEEDev\apache-maven-3.5.2\repository\org\freemarker\freemarker\2.3.31\freemarker-2.3.31.jar;D:\JavaEEDev\apache-maven-3.5.2\repository\io\springfox\springfox-swagger2\2.7.0\springfox-swagger2-2.7.0.jar;D:\JavaEEDev\apache-maven-3.5.2\repository\io\swagger\swagger-annotations\1.5.13\swagger-annotations-1.5.13.jar;D:\JavaEEDev\apache-maven-3.5.2\repository\io\swagger\swagger-models\1.5.13\swagger-models-1.5.13.jar;D:\JavaEEDev\apache-maven-3.5.2\repository\com\fasterxml\jackson\core\jackson-annotations\2.12.3\jackson-annotations-2.12.3.jar;D:\JavaEEDev\apache-maven-3.5.2\repository\io\springfox\springfox-spi\2.7.0\springfox-spi-2.7.0.jar;D:\JavaEEDev\apache-maven-3.5.2\repository\io\springfox\springfox-core\2.7.0\springfox-core-2.7.0.jar;D:\JavaEEDev\apache-maven-3.5.2\repository\io\springfox\springfox-schema\2.7.0\springfox-schema-2.7.0.jar;D:\JavaEEDev\apache-maven-3.5.2\repository\io\springfox\springfox-swagger-common\2.7.0\springfox-swagger-common-2.7.0.jar;D:\JavaEEDev\apache-maven-3.5.2\repository\io\springfox\springfox-spring-web\2.7.0\springfox-spring-web-2.7.0.jar;D:\JavaEEDev\apache-maven-3.5.2\repository\org\reflections\reflections\0.9.11\reflections-0.9.11.jar;D:\JavaEEDev\apache-maven-3.5.2\repository\com\google\guava\guava\18.0\guava-18.0.jar;D:\JavaEEDev\apache-maven-3.5.2\repository\com\fasterxml\classmate\1.5.1\classmate-1.5.1.jar;D:\JavaEEDev\apache-maven-3.5.2\repository\org\springframework\plugin\spring-plugin-core\1.2.0.RELEASE\spring-plugin-core-1.2.0.RELEASE.jar;D:\JavaEEDev\apache-maven-3.5.2\repository\org\springframework\plugin\spring-plugin-metadata\1.2.0.RELEASE\spring-plugin-metadata-1.2.0.RELEASE.jar;D:\JavaEEDev\apache-maven-3.5.2\repository\org\mapstruct\mapstruct\1.1.0.Final\mapstruct-1.1.0.Final.jar;D:\JavaEEDev\apache-maven-3.5.2\repository\com\github\xiaoymin\swagger-bootstrap-ui\1.9.6\swagger-bootstrap-ui-1.9.6.jar;D:\JavaEEDev\apache-maven-3.5.2\repository\org\javassist\javassist\3.25.0-GA\javassist-3.25.0-GA.jar;D:\JavaEEDev\apache-maven-3.5.2\repository\org\springframework\boot\spring-boot-starter-security\2.5.2\spring-boot-starter-security-2.5.2.jar;D:\JavaEEDev\apache-maven-3.5.2\repository\org\springframework\spring-aop\5.3.8\spring-aop-5.3.8.jar;D:\JavaEEDev\apache-maven-3.5.2\repository\org\springframework\security\spring-security-config\5.5.1\spring-security-config-5.5.1.jar;D:\JavaEEDev\apache-maven-3.5.2\repository\org\springframework\security\spring-security-core\5.5.1\spring-security-core-5.5.1.jar;D:\JavaEEDev\apache-maven-3.5.2\repository\org\springframework\security\spring-security-crypto\5.5.1\spring-security-crypto-5.5.1.jar;D:\JavaEEDev\apache-maven-3.5.2\repository\org\springframework\security\spring-security-web\5.5.1\spring-security-web-5.5.1.jar;D:\JavaEEDev\apache-maven-3.5.2\repository\io\jsonwebtoken\jjwt\0.9.0\jjwt-0.9.0.jar;D:\JavaEEDev\apache-maven-3.5.2\repository\com\fasterxml\jackson\core\jackson-databind\2.12.3\jackson-databind-2.12.3.jar;D:\JavaEEDev\apache-maven-3.5.2\repository\com\fasterxml\jackson\core\jackson-core\2.12.3\jackson-core-2.12.3.jar;D:\JavaEEDev\apache-maven-3.5.2\repository\com\github\axet\kaptcha\0.0.9\kaptcha-0.0.9.jar;D:\JavaEEDev\apache-maven-3.5.2\repository\com\jhlabs\filters\2.0.235\filters-2.0.235.jar;D:\JavaEEDev\apache-maven-3.5.2\repository\org\springframework\boot\spring-boot-starter-data-redis\2.5.2\spring-boot-starter-data-redis-2.5.2.jar;D:\JavaEEDev\apache-maven-3.5.2\repository\org\springframework\data\spring-data-redis\2.5.2\spring-data-redis-2.5.2.jar;D:\JavaEEDev\apache-maven-3.5.2\repository\org\springframework\data\spring-data-keyvalue\2.5.2\spring-data-keyvalue-2.5.2.jar;D:\JavaEEDev\apache-maven-3.5.2\repository\org\springframework\data\spring-data-commons\2.5.2\spring-data-commons-2.5.2.jar;D:\JavaEEDev\apache-maven-3.5.2\repository\org\springframework\spring-tx\5.3.8\spring-tx-5.3.8.jar;D:\JavaEEDev\apache-maven-3.5.2\repository\org\springframework\spring-oxm\5.3.8\spring-oxm-5.3.8.jar;D:\JavaEEDev\apache-maven-3.5.2\repository\org\springframework\spring-context-support\5.3.8\spring-context-support-5.3.8.jar;D:\JavaEEDev\apache-maven-3.5.2\repository\io\lettuce\lettuce-core\6.1.3.RELEASE\lettuce-core-6.1.3.RELEASE.jar;D:\JavaEEDev\apache-maven-3.5.2\repository\io\netty\netty-common\4.1.65.Final\netty-common-4.1.65.Final.jar;D:\JavaEEDev\apache-maven-3.5.2\repository\io\netty\netty-handler\4.1.65.Final\netty-handler-4.1.65.Final.jar;D:\JavaEEDev\apache-maven-3.5.2\repository\io\netty\netty-resolver\4.1.65.Final\netty-resolver-4.1.65.Final.jar;D:\JavaEEDev\apache-maven-3.5.2\repository\io\netty\netty-buffer\4.1.65.Final\netty-buffer-4.1.65.Final.jar;D:\JavaEEDev\apache-maven-3.5.2\repository\io\netty\netty-codec\4.1.65.Final\netty-codec-4.1.65.Final.jar;D:\JavaEEDev\apache-maven-3.5.2\repository\io\netty\netty-transport\4.1.65.Final\netty-transport-4.1.65.Final.jar;D:\JavaEEDev\apache-maven-3.5.2\repository\io\projectreactor\reactor-core\3.4.7\reactor-core-3.4.7.jar;D:\JavaEEDev\apache-maven-3.5.2\repository\org\reactivestreams\reactive-streams\1.0.3\reactive-streams-1.0.3.jar;D:\JavaEEDev\apache-maven-3.5.2\repository\org\apache\commons\commons-pool2\2.9.0\commons-pool2-2.9.0.jar;D:\JavaEEDev\apache-maven-3.5.2\repository\cn\afterturn\easypoi-spring-boot-starter\4.1.3\easypoi-spring-boot-starter-4.1.3.jar;D:\JavaEEDev\apache-maven-3.5.2\repository\cn\afterturn\easypoi-web\4.1.3\easypoi-web-4.1.3.jar;D:\JavaEEDev\apache-maven-3.5.2\repository\cn\afterturn\easypoi-base\4.1.3\easypoi-base-4.1.3.jar;D:\JavaEEDev\apache-maven-3.5.2\repository\org\apache\poi\poi\4.1.0\poi-4.1.0.jar;D:\JavaEEDev\apache-maven-3.5.2\repository\commons-codec\commons-codec\1.15\commons-codec-1.15.jar;D:\JavaEEDev\apache-maven-3.5.2\repository\org\apache\commons\commons-collections4\4.3\commons-collections4-4.3.jar;D:\JavaEEDev\apache-maven-3.5.2\repository\org\apache\commons\commons-math3\3.6.1\commons-math3-3.6.1.jar;D:\JavaEEDev\apache-maven-3.5.2\repository\org\apache\poi\poi-ooxml\4.1.0\poi-ooxml-4.1.0.jar;D:\JavaEEDev\apache-maven-3.5.2\repository\org\apache\commons\commons-compress\1.18\commons-compress-1.18.jar;D:\JavaEEDev\apache-maven-3.5.2\repository\com\github\virtuald\curvesapi\1.06\curvesapi-1.06.jar;D:\JavaEEDev\apache-maven-3.5.2\repository\org\apache\poi\poi-ooxml-schemas\4.1.0\poi-ooxml-schemas-4.1.0.jar;D:\JavaEEDev\apache-maven-3.5.2\repository\org\apache\xmlbeans\xmlbeans\3.1.0\xmlbeans-3.1.0.jar;D:\JavaEEDev\apache-maven-3.5.2\repository\org\apache\commons\commons-lang3\3.12.0\commons-lang3-3.12.0.jar;D:\JavaEEDev\apache-maven-3.5.2\repository\ognl\ognl\3.2.6\ognl-3.2.6.jar;D:\JavaEEDev\apache-maven-3.5.2\repository\javax\validation\validation-api\2.0.1.Final\validation-api-2.0.1.Final.jar;D:\JavaEEDev\apache-maven-3.5.2\repository\cn\afterturn\easypoi-annotation\4.1.3\easypoi-annotation-4.1.3.jar;D:\JavaEEDev\apache-maven-3.5.2\repository\org\springframework\boot\spring-boot-starter-amqp\2.5.2\spring-boot-starter-amqp-2.5.2.jar;D:\JavaEEDev\apache-maven-3.5.2\repository\org\springframework\spring-messaging\5.3.8\spring-messaging-5.3.8.jar;D:\JavaEEDev\apache-maven-3.5.2\repository\org\springframework\amqp\spring-rabbit\2.3.9\spring-rabbit-2.3.9.jar;D:\JavaEEDev\apache-maven-3.5.2\repository\org\springframework\amqp\spring-amqp\2.3.9\spring-amqp-2.3.9.jar;D:\JavaEEDev\apache-maven-3.5.2\repository\org\springframework\retry\spring-retry\1.3.1\spring-retry-1.3.1.jar;D:\JavaEEDev\apache-maven-3.5.2\repository\com\rabbitmq\amqp-client\5.12.0\amqp-client-5.12.0.jar;D:\JavaEEDev\apache-maven-3.5.2\repository\org\springframework\boot\spring-boot-starter-websocket\2.5.2\spring-boot-starter-websocket-2.5.2.jar;D:\JavaEEDev\apache-maven-3.5.2\repository\org\springframework\spring-websocket\5.3.8\spring-websocket-5.3.8.jar;D:\JavaEEDev\apache-maven-3.5.2\repository\org\springframework\boot\spring-boot-starter-test\2.5.2\spring-boot-starter-test-2.5.2.jar;D:\JavaEEDev\apache-maven-3.5.2\repository\org\springframework\boot\spring-boot-test\2.5.2\spring-boot-test-2.5.2.jar;D:\JavaEEDev\apache-maven-3.5.2\repository\org\springframework\boot\spring-boot-test-autoconfigure\2.5.2\spring-boot-test-autoconfigure-2.5.2.jar;D:\JavaEEDev\apache-maven-3.5.2\repository\com\jayway\jsonpath\json-path\2.5.0\json-path-2.5.0.jar;D:\JavaEEDev\apache-maven-3.5.2\repository\net\minidev\json-smart\2.4.7\json-smart-2.4.7.jar;D:\JavaEEDev\apache-maven-3.5.2\repository\net\minidev\accessors-smart\2.4.7\accessors-smart-2.4.7.jar;D:\JavaEEDev\apache-maven-3.5.2\repository\org\ow2\asm\asm\9.1\asm-9.1.jar;D:\JavaEEDev\apache-maven-3.5.2\repository\jakarta\xml\bind\jakarta.xml.bind-api\2.3.3\jakarta.xml.bind-api-2.3.3.jar;D:\JavaEEDev\apache-maven-3.5.2\repository\jakarta\activation\jakarta.activation-api\1.2.2\jakarta.activation-api-1.2.2.jar;D:\JavaEEDev\apache-maven-3.5.2\repository\org\assertj\assertj-core\3.19.0\assertj-core-3.19.0.jar;D:\JavaEEDev\apache-maven-3.5.2\repository\org\hamcrest\hamcrest\2.2\hamcrest-2.2.jar;D:\JavaEEDev\apache-maven-3.5.2\repository\org\junit\jupiter\junit-jupiter\5.7.2\junit-jupiter-5.7.2.jar;D:\JavaEEDev\apache-maven-3.5.2\repository\org\junit\jupiter\junit-jupiter-api\5.7.2\junit-jupiter-api-5.7.2.jar;D:\JavaEEDev\apache-maven-3.5.2\repository\org\apiguardian\apiguardian-api\1.1.0\apiguardian-api-1.1.0.jar;D:\JavaEEDev\apache-maven-3.5.2\repository\org\opentest4j\opentest4j\1.2.0\opentest4j-1.2.0.jar;D:\JavaEEDev\apache-maven-3.5.2\repository\org\junit\platform\junit-platform-commons\1.7.2\junit-platform-commons-1.7.2.jar;D:\JavaEEDev\apache-maven-3.5.2\repository\org\junit\jupiter\junit-jupiter-params\5.7.2\junit-jupiter-params-5.7.2.jar;D:\JavaEEDev\apache-maven-3.5.2\repository\org\junit\jupiter\junit-jupiter-engine\5.7.2\junit-jupiter-engine-5.7.2.jar;D:\JavaEEDev\apache-maven-3.5.2\repository\org\junit\platform\junit-platform-engine\1.7.2\junit-platform-engine-1.7.2.jar;D:\JavaEEDev\apache-maven-3.5.2\repository\org\mockito\mockito-core\3.9.0\mockito-core-3.9.0.jar;D:\JavaEEDev\apache-maven-3.5.2\repository\net\bytebuddy\byte-buddy\1.10.22\byte-buddy-1.10.22.jar;D:\JavaEEDev\apache-maven-3.5.2\repository\net\bytebuddy\byte-buddy-agent\1.10.22\byte-buddy-agent-1.10.22.jar;D:\JavaEEDev\apache-maven-3.5.2\repository\org\objenesis\objenesis\3.2\objenesis-3.2.jar;D:\JavaEEDev\apache-maven-3.5.2\repository\org\mockito\mockito-junit-jupiter\3.9.0\mockito-junit-jupiter-3.9.0.jar;D:\JavaEEDev\apache-maven-3.5.2\repository\org\skyscreamer\jsonassert\1.5.0\jsonassert-1.5.0.jar;D:\JavaEEDev\apache-maven-3.5.2\repository\com\vaadin\external\google\android-json\0.0.20131108.vaadin1\android-json-0.0.20131108.vaadin1.jar;D:\JavaEEDev\apache-maven-3.5.2\repository\org\springframework\spring-core\5.3.8\spring-core-5.3.8.jar;D:\JavaEEDev\apache-maven-3.5.2\repository\org\springframework\spring-jcl\5.3.8\spring-jcl-5.3.8.jar;D:\JavaEEDev\apache-maven-3.5.2\repository\org\springframework\spring-test\5.3.8\spring-test-5.3.8.jar;D:\JavaEEDev\apache-maven-3.5.2\repository\org\xmlunit\xmlunit-core\2.8.2\xmlunit-core-2.8.2.jar;D:\JavaEEDev\apache-maven-3.5.2\repository\junit\junit\4.13.2\junit-4.13.2.jar;D:\JavaEEDev\apache-maven-3.5.2\repository\org\hamcrest\hamcrest-core\2.2\hamcrest-core-2.2.jar;D:\JavaEEDev\apache-maven-3.5.2\repository\org\csource\fastdfs-client-java\1.29-SNAPSHOT\fastdfs-client-java-1.29-SNAPSHOT.jar;D:\JavaEEDev\apache-maven-3.5.2\repository\org\springframework\boot\spring-boot-devtools\2.5.2\spring-boot-devtools-2.5.2.jar;D:\JavaEEDev\apache-maven-3.5.2\repository\org\springframework\boot\spring-boot\2.5.2\spring-boot-2.5.2.jar;"/>
    <property name="java.vm.vendor" value="Oracle Corporation"/>
    <property name="sun.arch.data.model" value="64"/>
    <property name="user.variant" value=""/>
    <property name="java.vendor.url" value="http://java.oracle.com/"/>
    <property name="user.timezone" value="Asia/Shanghai"/>
    <property name="java.vm.specification.version" value="1.8"/>
    <property name="os.name" value="Windows 10"/>
    <property name="user.country" value="CN"/>
    <property name="sun.java.launcher" value="SUN_STANDARD"/>
    <property name="sun.boot.library.path" value="D:\java\jdk1.8.0_201\jre\bin"/>
    <property name="sun.java.command" value="C:\Users\Lenovo\AppData\Local\Temp\surefire1901741140999620687\surefirebooter4967703847402059686.jar C:\Users\Lenovo\AppData\Local\Temp\surefire1901741140999620687 2022-01-20T17-52-16_655-jvmRun1 surefire119409552755256744tmp surefire_01864150334050611987tmp"/>
    <property name="surefire.test.class.path" value="D:\USERPROG\JavaEE\folder\rbac\rbac-server\target\test-classes;D:\USERPROG\JavaEE\folder\rbac\rbac-server\target\classes;D:\JavaEEDev\apache-maven-3.5.2\repository\org\springframework\boot\spring-boot-starter-web\2.5.2\spring-boot-starter-web-2.5.2.jar;D:\JavaEEDev\apache-maven-3.5.2\repository\org\springframework\boot\spring-boot-starter\2.5.2\spring-boot-starter-2.5.2.jar;D:\JavaEEDev\apache-maven-3.5.2\repository\org\springframework\boot\spring-boot-starter-logging\2.5.2\spring-boot-starter-logging-2.5.2.jar;D:\JavaEEDev\apache-maven-3.5.2\repository\ch\qos\logback\logback-classic\1.2.3\logback-classic-1.2.3.jar;D:\JavaEEDev\apache-maven-3.5.2\repository\ch\qos\logback\logback-core\1.2.3\logback-core-1.2.3.jar;D:\JavaEEDev\apache-maven-3.5.2\repository\org\apache\logging\log4j\log4j-to-slf4j\2.14.1\log4j-to-slf4j-2.14.1.jar;D:\JavaEEDev\apache-maven-3.5.2\repository\org\apache\logging\log4j\log4j-api\2.14.1\log4j-api-2.14.1.jar;D:\JavaEEDev\apache-maven-3.5.2\repository\org\slf4j\jul-to-slf4j\1.7.31\jul-to-slf4j-1.7.31.jar;D:\JavaEEDev\apache-maven-3.5.2\repository\jakarta\annotation\jakarta.annotation-api\1.3.5\jakarta.annotation-api-1.3.5.jar;D:\JavaEEDev\apache-maven-3.5.2\repository\org\yaml\snakeyaml\1.28\snakeyaml-1.28.jar;D:\JavaEEDev\apache-maven-3.5.2\repository\org\springframework\boot\spring-boot-starter-json\2.5.2\spring-boot-starter-json-2.5.2.jar;D:\JavaEEDev\apache-maven-3.5.2\repository\com\fasterxml\jackson\datatype\jackson-datatype-jdk8\2.12.3\jackson-datatype-jdk8-2.12.3.jar;D:\JavaEEDev\apache-maven-3.5.2\repository\com\fasterxml\jackson\datatype\jackson-datatype-jsr310\2.12.3\jackson-datatype-jsr310-2.12.3.jar;D:\JavaEEDev\apache-maven-3.5.2\repository\com\fasterxml\jackson\module\jackson-module-parameter-names\2.12.3\jackson-module-parameter-names-2.12.3.jar;D:\JavaEEDev\apache-maven-3.5.2\repository\org\springframework\boot\spring-boot-starter-tomcat\2.5.2\spring-boot-starter-tomcat-2.5.2.jar;D:\JavaEEDev\apache-maven-3.5.2\repository\org\apache\tomcat\embed\tomcat-embed-core\9.0.48\tomcat-embed-core-9.0.48.jar;D:\JavaEEDev\apache-maven-3.5.2\repository\org\apache\tomcat\embed\tomcat-embed-el\9.0.48\tomcat-embed-el-9.0.48.jar;D:\JavaEEDev\apache-maven-3.5.2\repository\org\apache\tomcat\embed\tomcat-embed-websocket\9.0.48\tomcat-embed-websocket-9.0.48.jar;D:\JavaEEDev\apache-maven-3.5.2\repository\org\springframework\spring-web\5.3.8\spring-web-5.3.8.jar;D:\JavaEEDev\apache-maven-3.5.2\repository\org\springframework\spring-beans\5.3.8\spring-beans-5.3.8.jar;D:\JavaEEDev\apache-maven-3.5.2\repository\org\springframework\spring-webmvc\5.3.8\spring-webmvc-5.3.8.jar;D:\JavaEEDev\apache-maven-3.5.2\repository\org\springframework\spring-context\5.3.8\spring-context-5.3.8.jar;D:\JavaEEDev\apache-maven-3.5.2\repository\org\springframework\spring-expression\5.3.8\spring-expression-5.3.8.jar;D:\JavaEEDev\apache-maven-3.5.2\repository\org\projectlombok\lombok\1.18.20\lombok-1.18.20.jar;D:\JavaEEDev\apache-maven-3.5.2\repository\mysql\mysql-connector-java\5.1.47\mysql-connector-java-5.1.47.jar;D:\JavaEEDev\apache-maven-3.5.2\repository\com\alibaba\druid-spring-boot-starter\1.1.21\druid-spring-boot-starter-1.1.21.jar;D:\JavaEEDev\apache-maven-3.5.2\repository\com\alibaba\druid\1.1.21\druid-1.1.21.jar;D:\JavaEEDev\apache-maven-3.5.2\repository\org\slf4j\slf4j-api\1.7.31\slf4j-api-1.7.31.jar;D:\JavaEEDev\apache-maven-3.5.2\repository\org\springframework\boot\spring-boot-autoconfigure\2.5.2\spring-boot-autoconfigure-2.5.2.jar;D:\JavaEEDev\apache-maven-3.5.2\repository\com\baomidou\mybatis-plus-boot-starter\3.3.1.tmp\mybatis-plus-boot-starter-3.3.1.tmp.jar;D:\JavaEEDev\apache-maven-3.5.2\repository\com\baomidou\mybatis-plus\3.3.1.tmp\mybatis-plus-3.3.1.tmp.jar;D:\JavaEEDev\apache-maven-3.5.2\repository\org\springframework\boot\spring-boot-starter-jdbc\2.5.2\spring-boot-starter-jdbc-2.5.2.jar;D:\JavaEEDev\apache-maven-3.5.2\repository\com\zaxxer\HikariCP\4.0.3\HikariCP-4.0.3.jar;D:\JavaEEDev\apache-maven-3.5.2\repository\org\springframework\spring-jdbc\5.3.8\spring-jdbc-5.3.8.jar;D:\JavaEEDev\apache-maven-3.5.2\repository\com\baomidou\mybatis-plus-generator\3.3.1.tmp\mybatis-plus-generator-3.3.1.tmp.jar;D:\JavaEEDev\apache-maven-3.5.2\repository\com\baomidou\mybatis-plus-extension\3.3.1.tmp\mybatis-plus-extension-3.3.1.tmp.jar;D:\JavaEEDev\apache-maven-3.5.2\repository\com\baomidou\mybatis-plus-core\3.3.1.tmp\mybatis-plus-core-3.3.1.tmp.jar;D:\JavaEEDev\apache-maven-3.5.2\repository\com\baomidou\mybatis-plus-annotation\3.3.1.tmp\mybatis-plus-annotation-3.3.1.tmp.jar;D:\JavaEEDev\apache-maven-3.5.2\repository\com\github\jsqlparser\jsqlparser\3.1\jsqlparser-3.1.jar;D:\JavaEEDev\apache-maven-3.5.2\repository\org\mybatis\mybatis\3.5.3\mybatis-3.5.3.jar;D:\JavaEEDev\apache-maven-3.5.2\repository\org\mybatis\mybatis-spring\2.0.3\mybatis-spring-2.0.3.jar;D:\JavaEEDev\apache-maven-3.5.2\repository\org\freemarker\freemarker\2.3.31\freemarker-2.3.31.jar;D:\JavaEEDev\apache-maven-3.5.2\repository\io\springfox\springfox-swagger2\2.7.0\springfox-swagger2-2.7.0.jar;D:\JavaEEDev\apache-maven-3.5.2\repository\io\swagger\swagger-annotations\1.5.13\swagger-annotations-1.5.13.jar;D:\JavaEEDev\apache-maven-3.5.2\repository\io\swagger\swagger-models\1.5.13\swagger-models-1.5.13.jar;D:\JavaEEDev\apache-maven-3.5.2\repository\com\fasterxml\jackson\core\jackson-annotations\2.12.3\jackson-annotations-2.12.3.jar;D:\JavaEEDev\apache-maven-3.5.2\repository\io\springfox\springfox-spi\2.7.0\springfox-spi-2.7.0.jar;D:\JavaEEDev\apache-maven-3.5.2\repository\io\springfox\springfox-core\2.7.0\springfox-core-2.7.0.jar;D:\JavaEEDev\apache-maven-3.5.2\repository\io\springfox\springfox-schema\2.7.0\springfox-schema-2.7.0.jar;D:\JavaEEDev\apache-maven-3.5.2\repository\io\springfox\springfox-swagger-common\2.7.0\springfox-swagger-common-2.7.0.jar;D:\JavaEEDev\apache-maven-3.5.2\repository\io\springfox\springfox-spring-web\2.7.0\springfox-spring-web-2.7.0.jar;D:\JavaEEDev\apache-maven-3.5.2\repository\org\reflections\reflections\0.9.11\reflections-0.9.11.jar;D:\JavaEEDev\apache-maven-3.5.2\repository\com\google\guava\guava\18.0\guava-18.0.jar;D:\JavaEEDev\apache-maven-3.5.2\repository\com\fasterxml\classmate\1.5.1\classmate-1.5.1.jar;D:\JavaEEDev\apache-maven-3.5.2\repository\org\springframework\plugin\spring-plugin-core\1.2.0.RELEASE\spring-plugin-core-1.2.0.RELEASE.jar;D:\JavaEEDev\apache-maven-3.5.2\repository\org\springframework\plugin\spring-plugin-metadata\1.2.0.RELEASE\spring-plugin-metadata-1.2.0.RELEASE.jar;D:\JavaEEDev\apache-maven-3.5.2\repository\org\mapstruct\mapstruct\1.1.0.Final\mapstruct-1.1.0.Final.jar;D:\JavaEEDev\apache-maven-3.5.2\repository\com\github\xiaoymin\swagger-bootstrap-ui\1.9.6\swagger-bootstrap-ui-1.9.6.jar;D:\JavaEEDev\apache-maven-3.5.2\repository\org\javassist\javassist\3.25.0-GA\javassist-3.25.0-GA.jar;D:\JavaEEDev\apache-maven-3.5.2\repository\org\springframework\boot\spring-boot-starter-security\2.5.2\spring-boot-starter-security-2.5.2.jar;D:\JavaEEDev\apache-maven-3.5.2\repository\org\springframework\spring-aop\5.3.8\spring-aop-5.3.8.jar;D:\JavaEEDev\apache-maven-3.5.2\repository\org\springframework\security\spring-security-config\5.5.1\spring-security-config-5.5.1.jar;D:\JavaEEDev\apache-maven-3.5.2\repository\org\springframework\security\spring-security-core\5.5.1\spring-security-core-5.5.1.jar;D:\JavaEEDev\apache-maven-3.5.2\repository\org\springframework\security\spring-security-crypto\5.5.1\spring-security-crypto-5.5.1.jar;D:\JavaEEDev\apache-maven-3.5.2\repository\org\springframework\security\spring-security-web\5.5.1\spring-security-web-5.5.1.jar;D:\JavaEEDev\apache-maven-3.5.2\repository\io\jsonwebtoken\jjwt\0.9.0\jjwt-0.9.0.jar;D:\JavaEEDev\apache-maven-3.5.2\repository\com\fasterxml\jackson\core\jackson-databind\2.12.3\jackson-databind-2.12.3.jar;D:\JavaEEDev\apache-maven-3.5.2\repository\com\fasterxml\jackson\core\jackson-core\2.12.3\jackson-core-2.12.3.jar;D:\JavaEEDev\apache-maven-3.5.2\repository\com\github\axet\kaptcha\0.0.9\kaptcha-0.0.9.jar;D:\JavaEEDev\apache-maven-3.5.2\repository\com\jhlabs\filters\2.0.235\filters-2.0.235.jar;D:\JavaEEDev\apache-maven-3.5.2\repository\org\springframework\boot\spring-boot-starter-data-redis\2.5.2\spring-boot-starter-data-redis-2.5.2.jar;D:\JavaEEDev\apache-maven-3.5.2\repository\org\springframework\data\spring-data-redis\2.5.2\spring-data-redis-2.5.2.jar;D:\JavaEEDev\apache-maven-3.5.2\repository\org\springframework\data\spring-data-keyvalue\2.5.2\spring-data-keyvalue-2.5.2.jar;D:\JavaEEDev\apache-maven-3.5.2\repository\org\springframework\data\spring-data-commons\2.5.2\spring-data-commons-2.5.2.jar;D:\JavaEEDev\apache-maven-3.5.2\repository\org\springframework\spring-tx\5.3.8\spring-tx-5.3.8.jar;D:\JavaEEDev\apache-maven-3.5.2\repository\org\springframework\spring-oxm\5.3.8\spring-oxm-5.3.8.jar;D:\JavaEEDev\apache-maven-3.5.2\repository\org\springframework\spring-context-support\5.3.8\spring-context-support-5.3.8.jar;D:\JavaEEDev\apache-maven-3.5.2\repository\io\lettuce\lettuce-core\6.1.3.RELEASE\lettuce-core-6.1.3.RELEASE.jar;D:\JavaEEDev\apache-maven-3.5.2\repository\io\netty\netty-common\4.1.65.Final\netty-common-4.1.65.Final.jar;D:\JavaEEDev\apache-maven-3.5.2\repository\io\netty\netty-handler\4.1.65.Final\netty-handler-4.1.65.Final.jar;D:\JavaEEDev\apache-maven-3.5.2\repository\io\netty\netty-resolver\4.1.65.Final\netty-resolver-4.1.65.Final.jar;D:\JavaEEDev\apache-maven-3.5.2\repository\io\netty\netty-buffer\4.1.65.Final\netty-buffer-4.1.65.Final.jar;D:\JavaEEDev\apache-maven-3.5.2\repository\io\netty\netty-codec\4.1.65.Final\netty-codec-4.1.65.Final.jar;D:\JavaEEDev\apache-maven-3.5.2\repository\io\netty\netty-transport\4.1.65.Final\netty-transport-4.1.65.Final.jar;D:\JavaEEDev\apache-maven-3.5.2\repository\io\projectreactor\reactor-core\3.4.7\reactor-core-3.4.7.jar;D:\JavaEEDev\apache-maven-3.5.2\repository\org\reactivestreams\reactive-streams\1.0.3\reactive-streams-1.0.3.jar;D:\JavaEEDev\apache-maven-3.5.2\repository\org\apache\commons\commons-pool2\2.9.0\commons-pool2-2.9.0.jar;D:\JavaEEDev\apache-maven-3.5.2\repository\cn\afterturn\easypoi-spring-boot-starter\4.1.3\easypoi-spring-boot-starter-4.1.3.jar;D:\JavaEEDev\apache-maven-3.5.2\repository\cn\afterturn\easypoi-web\4.1.3\easypoi-web-4.1.3.jar;D:\JavaEEDev\apache-maven-3.5.2\repository\cn\afterturn\easypoi-base\4.1.3\easypoi-base-4.1.3.jar;D:\JavaEEDev\apache-maven-3.5.2\repository\org\apache\poi\poi\4.1.0\poi-4.1.0.jar;D:\JavaEEDev\apache-maven-3.5.2\repository\commons-codec\commons-codec\1.15\commons-codec-1.15.jar;D:\JavaEEDev\apache-maven-3.5.2\repository\org\apache\commons\commons-collections4\4.3\commons-collections4-4.3.jar;D:\JavaEEDev\apache-maven-3.5.2\repository\org\apache\commons\commons-math3\3.6.1\commons-math3-3.6.1.jar;D:\JavaEEDev\apache-maven-3.5.2\repository\org\apache\poi\poi-ooxml\4.1.0\poi-ooxml-4.1.0.jar;D:\JavaEEDev\apache-maven-3.5.2\repository\org\apache\commons\commons-compress\1.18\commons-compress-1.18.jar;D:\JavaEEDev\apache-maven-3.5.2\repository\com\github\virtuald\curvesapi\1.06\curvesapi-1.06.jar;D:\JavaEEDev\apache-maven-3.5.2\repository\org\apache\poi\poi-ooxml-schemas\4.1.0\poi-ooxml-schemas-4.1.0.jar;D:\JavaEEDev\apache-maven-3.5.2\repository\org\apache\xmlbeans\xmlbeans\3.1.0\xmlbeans-3.1.0.jar;D:\JavaEEDev\apache-maven-3.5.2\repository\org\apache\commons\commons-lang3\3.12.0\commons-lang3-3.12.0.jar;D:\JavaEEDev\apache-maven-3.5.2\repository\ognl\ognl\3.2.6\ognl-3.2.6.jar;D:\JavaEEDev\apache-maven-3.5.2\repository\javax\validation\validation-api\2.0.1.Final\validation-api-2.0.1.Final.jar;D:\JavaEEDev\apache-maven-3.5.2\repository\cn\afterturn\easypoi-annotation\4.1.3\easypoi-annotation-4.1.3.jar;D:\JavaEEDev\apache-maven-3.5.2\repository\org\springframework\boot\spring-boot-starter-amqp\2.5.2\spring-boot-starter-amqp-2.5.2.jar;D:\JavaEEDev\apache-maven-3.5.2\repository\org\springframework\spring-messaging\5.3.8\spring-messaging-5.3.8.jar;D:\JavaEEDev\apache-maven-3.5.2\repository\org\springframework\amqp\spring-rabbit\2.3.9\spring-rabbit-2.3.9.jar;D:\JavaEEDev\apache-maven-3.5.2\repository\org\springframework\amqp\spring-amqp\2.3.9\spring-amqp-2.3.9.jar;D:\JavaEEDev\apache-maven-3.5.2\repository\org\springframework\retry\spring-retry\1.3.1\spring-retry-1.3.1.jar;D:\JavaEEDev\apache-maven-3.5.2\repository\com\rabbitmq\amqp-client\5.12.0\amqp-client-5.12.0.jar;D:\JavaEEDev\apache-maven-3.5.2\repository\org\springframework\boot\spring-boot-starter-websocket\2.5.2\spring-boot-starter-websocket-2.5.2.jar;D:\JavaEEDev\apache-maven-3.5.2\repository\org\springframework\spring-websocket\5.3.8\spring-websocket-5.3.8.jar;D:\JavaEEDev\apache-maven-3.5.2\repository\org\springframework\boot\spring-boot-starter-test\2.5.2\spring-boot-starter-test-2.5.2.jar;D:\JavaEEDev\apache-maven-3.5.2\repository\org\springframework\boot\spring-boot-test\2.5.2\spring-boot-test-2.5.2.jar;D:\JavaEEDev\apache-maven-3.5.2\repository\org\springframework\boot\spring-boot-test-autoconfigure\2.5.2\spring-boot-test-autoconfigure-2.5.2.jar;D:\JavaEEDev\apache-maven-3.5.2\repository\com\jayway\jsonpath\json-path\2.5.0\json-path-2.5.0.jar;D:\JavaEEDev\apache-maven-3.5.2\repository\net\minidev\json-smart\2.4.7\json-smart-2.4.7.jar;D:\JavaEEDev\apache-maven-3.5.2\repository\net\minidev\accessors-smart\2.4.7\accessors-smart-2.4.7.jar;D:\JavaEEDev\apache-maven-3.5.2\repository\org\ow2\asm\asm\9.1\asm-9.1.jar;D:\JavaEEDev\apache-maven-3.5.2\repository\jakarta\xml\bind\jakarta.xml.bind-api\2.3.3\jakarta.xml.bind-api-2.3.3.jar;D:\JavaEEDev\apache-maven-3.5.2\repository\jakarta\activation\jakarta.activation-api\1.2.2\jakarta.activation-api-1.2.2.jar;D:\JavaEEDev\apache-maven-3.5.2\repository\org\assertj\assertj-core\3.19.0\assertj-core-3.19.0.jar;D:\JavaEEDev\apache-maven-3.5.2\repository\org\hamcrest\hamcrest\2.2\hamcrest-2.2.jar;D:\JavaEEDev\apache-maven-3.5.2\repository\org\junit\jupiter\junit-jupiter\5.7.2\junit-jupiter-5.7.2.jar;D:\JavaEEDev\apache-maven-3.5.2\repository\org\junit\jupiter\junit-jupiter-api\5.7.2\junit-jupiter-api-5.7.2.jar;D:\JavaEEDev\apache-maven-3.5.2\repository\org\apiguardian\apiguardian-api\1.1.0\apiguardian-api-1.1.0.jar;D:\JavaEEDev\apache-maven-3.5.2\repository\org\opentest4j\opentest4j\1.2.0\opentest4j-1.2.0.jar;D:\JavaEEDev\apache-maven-3.5.2\repository\org\junit\platform\junit-platform-commons\1.7.2\junit-platform-commons-1.7.2.jar;D:\JavaEEDev\apache-maven-3.5.2\repository\org\junit\jupiter\junit-jupiter-params\5.7.2\junit-jupiter-params-5.7.2.jar;D:\JavaEEDev\apache-maven-3.5.2\repository\org\junit\jupiter\junit-jupiter-engine\5.7.2\junit-jupiter-engine-5.7.2.jar;D:\JavaEEDev\apache-maven-3.5.2\repository\org\junit\platform\junit-platform-engine\1.7.2\junit-platform-engine-1.7.2.jar;D:\JavaEEDev\apache-maven-3.5.2\repository\org\mockito\mockito-core\3.9.0\mockito-core-3.9.0.jar;D:\JavaEEDev\apache-maven-3.5.2\repository\net\bytebuddy\byte-buddy\1.10.22\byte-buddy-1.10.22.jar;D:\JavaEEDev\apache-maven-3.5.2\repository\net\bytebuddy\byte-buddy-agent\1.10.22\byte-buddy-agent-1.10.22.jar;D:\JavaEEDev\apache-maven-3.5.2\repository\org\objenesis\objenesis\3.2\objenesis-3.2.jar;D:\JavaEEDev\apache-maven-3.5.2\repository\org\mockito\mockito-junit-jupiter\3.9.0\mockito-junit-jupiter-3.9.0.jar;D:\JavaEEDev\apache-maven-3.5.2\repository\org\skyscreamer\jsonassert\1.5.0\jsonassert-1.5.0.jar;D:\JavaEEDev\apache-maven-3.5.2\repository\com\vaadin\external\google\android-json\0.0.20131108.vaadin1\android-json-0.0.20131108.vaadin1.jar;D:\JavaEEDev\apache-maven-3.5.2\repository\org\springframework\spring-core\5.3.8\spring-core-5.3.8.jar;D:\JavaEEDev\apache-maven-3.5.2\repository\org\springframework\spring-jcl\5.3.8\spring-jcl-5.3.8.jar;D:\JavaEEDev\apache-maven-3.5.2\repository\org\springframework\spring-test\5.3.8\spring-test-5.3.8.jar;D:\JavaEEDev\apache-maven-3.5.2\repository\org\xmlunit\xmlunit-core\2.8.2\xmlunit-core-2.8.2.jar;D:\JavaEEDev\apache-maven-3.5.2\repository\junit\junit\4.13.2\junit-4.13.2.jar;D:\JavaEEDev\apache-maven-3.5.2\repository\org\hamcrest\hamcrest-core\2.2\hamcrest-core-2.2.jar;D:\JavaEEDev\apache-maven-3.5.2\repository\org\csource\fastdfs-client-java\1.29-SNAPSHOT\fastdfs-client-java-1.29-SNAPSHOT.jar;D:\JavaEEDev\apache-maven-3.5.2\repository\org\springframework\boot\spring-boot-devtools\2.5.2\spring-boot-devtools-2.5.2.jar;D:\JavaEEDev\apache-maven-3.5.2\repository\org\springframework\boot\spring-boot\2.5.2\spring-boot-2.5.2.jar;"/>
    <property name="sun.cpu.endian" value="little"/>
    <property name="user.home" value="C:\Users\Lenovo"/>
    <property name="user.language" value="zh"/>
    <property name="java.specification.vendor" value="Oracle Corporation"/>
    <property name="java.home" value="D:\java\jdk1.8.0_201\jre"/>
    <property name="basedir" value="D:\USERPROG\JavaEE\folder\rbac\rbac-server"/>
    <property name="file.separator" value="\"/>
    <property name="line.separator" value="&#10;"/>
    <property name="java.vm.specification.vendor" value="Oracle Corporation"/>
    <property name="java.specification.name" value="Java Platform API Specification"/>
    <property name="java.awt.graphicsenv" value="sun.awt.Win32GraphicsEnvironment"/>
    <property name="surefire.real.class.path" value="C:\Users\Lenovo\AppData\Local\Temp\surefire1901741140999620687\surefirebooter4967703847402059686.jar"/>
    <property name="sun.boot.class.path" value="D:\java\jdk1.8.0_201\jre\lib\resources.jar;D:\java\jdk1.8.0_201\jre\lib\rt.jar;D:\java\jdk1.8.0_201\jre\lib\sunrsasign.jar;D:\java\jdk1.8.0_201\jre\lib\jsse.jar;D:\java\jdk1.8.0_201\jre\lib\jce.jar;D:\java\jdk1.8.0_201\jre\lib\charsets.jar;D:\java\jdk1.8.0_201\jre\lib\jfr.jar;D:\java\jdk1.8.0_201\jre\classes"/>
    <property name="user.script" value=""/>
    <property name="sun.management.compiler" value="HotSpot 64-Bit Tiered Compilers"/>
    <property name="java.runtime.version" value="1.8.0_201-b09"/>
    <property name="user.name" value="Lenovo"/>
    <property name="path.separator" value=";"/>
    <property name="os.version" value="10.0"/>
    <property name="java.endorsed.dirs" value="D:\java\jdk1.8.0_201\jre\lib\endorsed"/>
    <property name="java.runtime.name" value="Java(TM) SE Runtime Environment"/>
    <property name="file.encoding" value="GBK"/>
    <property name="java.vm.name" value="Java HotSpot(TM) 64-Bit Server VM"/>
    <property name="localRepository" value="D:\JavaEEDev\apache-maven-3.5.2\repository"/>
    <property name="java.vendor.url.bug" value="http://bugreport.sun.com/bugreport/"/>
    <property name="java.io.tmpdir" value="C:\Users\Lenovo\AppData\Local\Temp\"/>
    <property name="java.version" value="1.8.0_201"/>
    <property name="user.dir" value="D:\USERPROG\JavaEE\folder\rbac\rbac-server"/>
    <property name="os.arch" value="amd64"/>
    <property name="java.vm.specification.name" value="Java Virtual Machine Specification"/>
    <property name="java.awt.printerjob" value="sun.awt.windows.WPrinterJob"/>
    <property name="idea.version2019.3.1" value="true"/>
    <property name="sun.os.patch.level" value=""/>
    <property name="java.library.path" value="D:\java\jdk1.8.0_201\jre\bin;C:\WINDOWS\Sun\Java\bin;C:\WINDOWS\system32;C:\WINDOWS;C:\Program Files\Microsoft MPI\Bin\;C:\Windows\system32;C:\Windows;C:\Windows\System32\Wbem;C:\Windows\System32\WindowsPowerShell\v1.0\;C:\Windows\System32\OpenSSH\;C:\Program Files (x86)\NVIDIA Corporation\PhysX\Common;C:\Program Files\NVIDIA Corporation\NVIDIA NvDLISR;C:\Program Files\dotnet\;C:\Program Files (x86)\Microsoft SQL Server\150\Tools\Binn\;C:\Program Files\Microsoft SQL Server\150\Tools\Binn\;C:\Program Files\Microsoft SQL Server\150\DTS\Binn\;C:\Program Files\Microsoft SQL Server\Client SDK\ODBC\170\Tools\Binn\;D:\java\jdk1.8.0_201\bin;D:\JavaEEDev\apache-tomcat-8.5.51\bin;D:\MySQL-5.7\bin;%QUARTUS_ROOTDIR%\bin;D:\JavaEEDev\apache-maven-3.5.2\bin;E:\environment\hadoop-2.9.2\bin;D:\CLion 2019.1\MinGW\MinGW\include;F:\Xshell-7\;F:\Xftp-7\;D:\Environment\nodejs\node_global;C:\Program Files\Git\cmd;C:\WINDOWS\system32;C:\WINDOWS;C:\WINDOWS\System32\Wbem;C:\WINDOWS\System32\WindowsPowerShell\v1.0\;C:\WINDOWS\System32\OpenSSH\;D:\Environment\mingw64\bin;D:\Environment\nvm;D:\Environment\nodejs;E:\python\Anaconda3;E:\python\Anaconda3\Library\mingw-w64\bin;E:\python\Anaconda3\Library\usr\bin;E:\python\Anaconda3\Library\bin;E:\python\Anaconda3\Scripts;C:\Users\Lenovo\AppData\Local\Microsoft\WindowsApps;C:\Users\Lenovo\AppData\Roaming\npm;D:\Environment\nvm;D:\Environment\nodejs;D:\Environment\nodejs\node_global\node_modules\node_global;;."/>
    <property name="java.vm.info" value="mixed mode"/>
    <property name="java.vendor" value="Oracle Corporation"/>
    <property name="java.vm.version" value="25.201-b09"/>
    <property name="java.ext.dirs" value="D:\java\jdk1.8.0_201\jre\lib\ext;C:\WINDOWS\Sun\Java\lib\ext"/>
    <property name="sun.io.unicode.encoding" value="UnicodeLittle"/>
    <property name="maven.repo.local" value="D:\JavaEEDev\apache-maven-3.5.2\repository"/>
    <property name="java.class.version" value="52.0"/>
  </properties>
  <testcase name="contextLoads" classname="com.example.rbac.RbacApplicationTests" time="0.595"/>
</testsuite>